<?xml version="1.0" encoding="UTF-8"?>
<testsuite xmlns:xsi="http://www.w3.org/2001/XMLSchema-instance" xsi:schemaLocation="https://maven.apache.org/surefire/maven-surefire-plugin/xsd/surefire-test-report.xsd" name="com.arangodb.springframework.core.repository.query.ArangoAqlQueryTest" time="3.885" tests="15" errors="0" skipped="0" failures="0">
  <properties>
    <property name="idea.version" value="2017.1.5"/>
    <property name="java.runtime.name" value="OpenJDK Runtime Environment"/>
    <property name="sun.boot.library.path" value="/usr/lib/jvm/java-8-openjdk-amd64/jre/lib/amd64"/>
    <property name="java.vm.version" value="25.131-b11"/>
    <property name="java.vm.vendor" value="Oracle Corporation"/>
    <property name="maven.multiModuleProjectDirectory" value="/home/user/work/spring-data/spring-data"/>
    <property name="java.vendor.url" value="http://java.oracle.com/"/>
    <property name="path.separator" value=":"/>
    <property name="guice.disable.misplaced.annotation.check" value="true"/>
    <property name="java.vm.name" value="OpenJDK 64-Bit Server VM"/>
    <property name="file.encoding.pkg" value="sun.io"/>
    <property name="user.country" value="GB"/>
    <property name="sun.java.launcher" value="SUN_STANDARD"/>
    <property name="sun.os.patch.level" value="unknown"/>
    <property name="java.vm.specification.name" value="Java Virtual Machine Specification"/>
    <property name="user.dir" value="/home/user/work/spring-data/spring-data"/>
    <property name="java.runtime.version" value="1.8.0_131-8u131-b11-2ubuntu1.16.04.3-b11"/>
    <property name="java.awt.graphicsenv" value="sun.awt.X11GraphicsEnvironment"/>
    <property name="java.endorsed.dirs" value="/usr/lib/jvm/java-8-openjdk-amd64/jre/lib/endorsed"/>
    <property name="os.arch" value="amd64"/>
    <property name="java.io.tmpdir" value="/tmp"/>
    <property name="line.separator" value="&#10;"/>
    <property name="java.vm.specification.vendor" value="Oracle Corporation"/>
    <property name="os.name" value="Linux"/>
    <property name="classworlds.conf" value="/home/user/lib/idea-IC-171.4694.23/plugins/maven/lib/maven3/bin/m2.conf"/>
    <property name="sun.jnu.encoding" value="UTF-8"/>
    <property name="java.library.path" value="/home/user/lib/idea-IC-171.4694.23/bin:/home/user/lib/idea-IC-171.4694.23/bin::/usr/java/packages/lib/amd64:/usr/lib/x86_64-linux-gnu/jni:/lib/x86_64-linux-gnu:/usr/lib/x86_64-linux-gnu:/usr/lib/jni:/lib:/usr/lib"/>
    <property name="java.specification.name" value="Java Platform API Specification"/>
    <property name="java.class.version" value="52.0"/>
    <property name="sun.management.compiler" value="HotSpot 64-Bit Tiered Compilers"/>
    <property name="os.version" value="4.10.0-27-generic"/>
    <property name="user.home" value="/home/user"/>
    <property name="user.timezone" value="Europe/London"/>
    <property name="java.awt.printerjob" value="sun.print.PSPrinterJob"/>
    <property name="java.specification.version" value="1.8"/>
    <property name="file.encoding" value="UTF-8"/>
    <property name="user.name" value="user"/>
    <property name="java.class.path" value="/home/user/lib/idea-IC-171.4694.23/plugins/maven/lib/maven3/boot/plexus-classworlds-2.5.2.jar:/home/user/lib/idea-IC-171.4694.23/lib/idea_rt.jar"/>
    <property name="java.vm.specification.version" value="1.8"/>
    <property name="sun.arch.data.model" value="64"/>
    <property name="java.home" value="/usr/lib/jvm/java-8-openjdk-amd64/jre"/>
    <property name="sun.java.command" value="org.codehaus.classworlds.Launcher -Didea.version=2017.1.5 install"/>
    <property name="java.specification.vendor" value="Oracle Corporation"/>
    <property name="user.language" value="en"/>
    <property name="awt.toolkit" value="sun.awt.X11.XToolkit"/>
    <property name="java.vm.info" value="mixed mode"/>
    <property name="java.version" value="1.8.0_131"/>
    <property name="java.ext.dirs" value="/usr/lib/jvm/java-8-openjdk-amd64/jre/lib/ext:/usr/java/packages/lib/ext"/>
    <property name="securerandom.source" value="file:/dev/./urandom"/>
    <property name="sun.boot.class.path" value="/usr/lib/jvm/java-8-openjdk-amd64/jre/lib/resources.jar:/usr/lib/jvm/java-8-openjdk-amd64/jre/lib/rt.jar:/usr/lib/jvm/java-8-openjdk-amd64/jre/lib/sunrsasign.jar:/usr/lib/jvm/java-8-openjdk-amd64/jre/lib/jsse.jar:/usr/lib/jvm/java-8-openjdk-amd64/jre/lib/jce.jar:/usr/lib/jvm/java-8-openjdk-amd64/jre/lib/charsets.jar:/usr/lib/jvm/java-8-openjdk-amd64/jre/lib/jfr.jar:/usr/lib/jvm/java-8-openjdk-amd64/jre/classes"/>
    <property name="java.vendor" value="Oracle Corporation"/>
    <property name="maven.home" value="/home/user/lib/idea-IC-171.4694.23/plugins/maven/lib/maven3"/>
    <property name="file.separator" value="/"/>
    <property name="java.vendor.url.bug" value="http://bugreport.sun.com/bugreport/"/>
    <property name="sun.cpu.endian" value="little"/>
    <property name="sun.io.unicode.encoding" value="UnicodeLittle"/>
    <property name="sun.desktop" value="gnome"/>
    <property name="sun.cpu.isalist" value=""/>
  </properties>
  <testcase name="findOneByNameWithDuplicateOptionsAqlTest" classname="com.arangodb.springframework.core.repository.query.ArangoAqlQueryTest" time="0.245"/>
  <testcase name="findOneByIdAqlWithNamedParameterTest" classname="com.arangodb.springframework.core.repository.query.ArangoAqlQueryTest" time="0.219"/>
  <testcase name="findOneByIdAqlParamNameClashTest" classname="com.arangodb.springframework.core.repository.query.ArangoAqlQueryTest" time="0.27"/>
  <testcase name="findOneByComplementingNameAndBindVarsAqlTest" classname="com.arangodb.springframework.core.repository.query.ArangoAqlQueryTest" time="0.25"/>
  <testcase name="findOneByIdInIncorrectNamedCollectionAqlTest" classname="com.arangodb.springframework.core.repository.query.ArangoAqlQueryTest" time="0.242"/>
  <testcase name="findOneByBindVarsAndClashingParametersAqlTest" classname="com.arangodb.springframework.core.repository.query.ArangoAqlQueryTest" time="0.268"/>
  <testcase name="findOneByIdInNamedCollectionAqlTest" classname="com.arangodb.springframework.core.repository.query.ArangoAqlQueryTest" time="0.391"/>
  <testcase name="findOneByIdInCollectionAqlTest" classname="com.arangodb.springframework.core.repository.query.ArangoAqlQueryTest" time="0.271"/>
  <testcase name="findOneByOverridingNameAndBindVarsAqlTest" classname="com.arangodb.springframework.core.repository.query.ArangoAqlQueryTest" time="0.269"/>
  <testcase name="findOneByIdAqlPotentialNameClashTest" classname="com.arangodb.springframework.core.repository.query.ArangoAqlQueryTest" time="0.224"/>
  <testcase name="findOneByBindVarsAqlTest" classname="com.arangodb.springframework.core.repository.query.ArangoAqlQueryTest" time="0.295"/>
  <testcase name="findOneByIdInNamedCollectionAqlRejectedTest" classname="com.arangodb.springframework.core.repository.query.ArangoAqlQueryTest" time="0.216"/>
  <testcase name="findOneByBindVarsOfIllegalTypeAqlTest" classname="com.arangodb.springframework.core.repository.query.ArangoAqlQueryTest" time="0.254"/>
  <testcase name="findOneByIdAndNameAqlTest" classname="com.arangodb.springframework.core.repository.query.ArangoAqlQueryTest" time="0.254"/>
  <testcase name="findOneByIdAndNameWithBindVarsAqlTest" classname="com.arangodb.springframework.core.repository.query.ArangoAqlQueryTest" time="0.203"/>
</testsuite>